<?xml version="1.0" encoding="UTF-8"?>
<!-- Generated by org.testng.reporters.JUnitReportReporter -->
<testsuite skipped="0" hostname="This-PC" name="com.iNetBankingV1.testCases.TC_LoginTest_003" tests="1" failures="0" timestamp="2021-10-28T18:24:56 IST" time="30.809" errors="0">
  <testcase name="createNewaccount" time="30.809" classname="com.iNetBankingV1.testCases.TC_LoginTest_003"/>
  <system-out/>
</testsuite> <!-- com.iNetBankingV1.testCases.TC_LoginTest_003 -->
