<?xml version="1.0" encoding="UTF-8"?>
<!-- Generated by org.testng.reporters.JUnitReportReporter -->
<testsuite skipped="0" hostname="This-PC" name="com.iNetBankingV1.testCases.TC_LoginTest_001" tests="1" failures="0" timestamp="2021-10-28T18:12:55 IST" time="48.921" errors="0">
  <testcase name="loginTest" time="48.921" classname="com.iNetBankingV1.testCases.TC_LoginTest_001"/>
  <system-out/>
</testsuite> <!-- com.iNetBankingV1.testCases.TC_LoginTest_001 -->
